<?xml version="1.0" encoding="UTF-8"?>
<!-- Generated by org.testng.reporters.JUnitReportReporter -->
<testsuite hostname="DESKTOP-2V5SM7Q" failures="0" tests="1" name="test.map" time="0.044" errors="0" timestamp="2023-10-30T16:06:16 IST" skipped="0">
  <testcase classname="test.map" name="map" time="0.044"/>
  <system-out/>
</testsuite> <!-- test.map -->
