<?xml version="1.0" encoding="UTF-8"?>
<!-- Generated by org.testng.reporters.JUnitReportReporter -->
<testsuite hostname="DESKTOP-2V5SM7Q" failures="0" tests="1" name="TESTNG.loan3" time="0.020" errors="0" timestamp="2023-11-27T14:15:08 IST" skipped="0">
  <testcase classname="TESTNG.loan3" name="loginmobile" time="0.020"/>
  <system-out/>
</testsuite> <!-- TESTNG.loan3 -->
