<?xml version="1.0" encoding="UTF-8"?>
<!-- Generated by org.testng.reporters.JUnitReportReporter -->
<testsuite hostname="DESKTOP-2V5SM7Q" failures="0" tests="2" name="test.stream" time="0.030" errors="0" timestamp="2023-10-30T13:24:18 IST" skipped="0">
  <testcase classname="test.stream" name="streams" time="0.016"/>
  <system-out/>
  <testcase classname="test.stream" name="actual" time="0.014"/>
  <system-out/>
</testsuite> <!-- test.stream -->
