<?xml version="1.0" encoding="UTF-8"?>
<!-- Generated by org.testng.reporters.JUnitReportReporter -->
<testsuite hostname="DESKTOP-2V5SM7Q" failures="0" tests="2" name="TESTNG.loan1" time="0.011" errors="0" timestamp="2023-11-11T18:33:29 IST" skipped="0">
  <testcase classname="TESTNG.loan1" name="method2" time="0.007"/>
  <system-out/>
  <testcase classname="TESTNG.loan1" name="method1" time="0.004"/>
  <system-out/>
</testsuite> <!-- TESTNG.loan1 -->
