<?xml version="1.0" encoding="UTF-8"?>
<!-- Generated by org.testng.reporters.JUnitReportReporter -->
<testsuite hostname="DESKTOP-2V5SM7Q" failures="0" tests="3" name="TESTNG.loan2" time="0.053" errors="0" timestamp="2023-11-11T18:33:29 IST" skipped="0">
  <testcase classname="TESTNG.loan2" name="methods" time="0.028"/>
  <system-out/>
  <testcase classname="TESTNG.loan2" name="methods" time="0.013"/>
  <system-out/>
  <testcase classname="TESTNG.loan2" name="methods" time="0.012"/>
  <system-out/>
</testsuite> <!-- TESTNG.loan2 -->
