<?xml version="1.0" encoding="UTF-8"?>
<!-- Generated by org.testng.reporters.JUnitReportReporter -->
<testsuite hostname="DESKTOP-2V5SM7Q" failures="0" tests="3" name="TESTNG.loan4" time="0.014" errors="0" timestamp="2023-11-11T18:33:29 IST" skipped="0">
  <testcase classname="TESTNG.loan4" name="loginwebhome" time="0.007"/>
  <system-out/>
  <testcase classname="TESTNG.loan4" name="loginapi" time="0.002"/>
  <system-out/>
  <testcase classname="TESTNG.loan4" name="demo3" time="0.005"/>
  <system-out/>
</testsuite> <!-- TESTNG.loan4 -->
